[2026-05-14 12:12:55] === VocabLock Scheduler started ===
[2026-05-14 12:12:55] Today's session already exists
[2026-05-14 12:12:55] Scheduling today's popup events
[2026-05-14 12:12:55] Skipping past time for quiz: 08:00
[2026-05-14 12:12:55] Skipping past time for quiz: 12:10
[2026-05-14 12:12:55] Scheduled quiz popup at 13:40
[2026-05-14 12:12:55] Scheduled word popup at 16:03
[2026-05-14 12:12:55] Scheduled word popup at 17:33
[2026-05-14 12:12:55] Scheduled quiz popup at 18:08
[2026-05-14 12:12:55] Scheduled word popup at 19:03
[2026-05-14 12:12:55] Scheduled quiz popup at 19:41
[2026-05-14 12:12:55] Scheduled word popup at 20:33
[2026-05-14 12:12:55] Scheduled 7 future events
[2026-05-14 13:40:56] Triggering quiz popup (scheduled for 2026-05-14T13:40:00)
[2026-05-14 13:40:56] Launching quiz popup
[2026-05-14 13:56:20] === VocabLock Scheduler started ===
[2026-05-14 13:56:20] Today's session already exists
[2026-05-14 13:56:20] Scheduling today's popup events
[2026-05-14 13:56:20] Skipping past time for quiz: 08:03
[2026-05-14 13:56:20] Skipping past time for word: 09:28
[2026-05-14 13:56:20] Skipping past time for word: 10:58
[2026-05-14 13:56:20] Skipping past time for quiz: 11:11
[2026-05-14 13:56:20] Skipping past time for quiz: 12:41
[2026-05-14 13:56:20] Skipping past time for word: 13:04
[2026-05-14 13:56:20] Scheduled quiz popup at 14:11
[2026-05-14 13:56:20] Scheduled word popup at 19:01
[2026-05-14 13:56:20] Scheduled quiz popup at 20:00
[2026-05-14 13:56:20] Scheduled word popup at 20:31
[2026-05-14 13:56:20] Scheduled 4 future events
[2026-05-14 14:00:48] === VocabLock Scheduler started ===
[2026-05-14 14:00:48] Today's session already exists
[2026-05-14 14:00:48] Events already scheduled for today
[2026-05-14 14:48:11] === VocabLock Scheduler started ===
[2026-05-14 14:48:11] Today's session already exists
[2026-05-14 14:48:11] Events already scheduled for today
[2026-05-14 14:48:11] Triggering quiz popup (scheduled for 2026-05-14T14:11:00)
[2026-05-14 14:48:11] Launching quiz popup
[2026-05-14 16:03:11] Triggering word popup (scheduled for 2026-05-14T16:03:00)
[2026-05-14 16:03:11] Launching word popup
